<?xml version="1.0" encoding="UTF-8"?>
<coverage generated="1728792410817" clover="3.2.0">
  <project timestamp="1728792410817" name="All files">
    <metrics statements="2" coveredstatements="1" conditionals="2" coveredconditionals="1" methods="2" coveredmethods="1" elements="6" coveredelements="3" complexity="0" loc="2" ncloc="2" packages="1" files="2" classes="2"/>
    <file name="index.ts" path="/Users/minabessada/work/npm-package-test/src/index.ts">
      <metrics statements="1" coveredstatements="0" conditionals="1" coveredconditionals="0" methods="1" coveredmethods="0"/>
      <line num="1" count="0" type="cond" truecount="0" falsecount="1"/>
    </file>
    <file name="utils.ts" path="/Users/minabessada/work/npm-package-test/src/utils.ts">
      <metrics statements="1" coveredstatements="1" conditionals="1" coveredconditionals="1" methods="1" coveredmethods="1"/>
      <line num="1" count="1" type="cond" truecount="1" falsecount="0"/>
    </file>
  </project>
</coverage>
