{"/Users/minabessada/work/npm-package-test/src/index.ts": {"path":"/Users/minabessada/work/npm-package-test/src/index.ts","all":true,"statementMap":{"0":{"start":{"line":1,"column":0},"end":{"line":1,"column":33}}},"s":{"0":0},"branchMap":{"0":{"type":"branch","line":1,"loc":{"start":{"line":1,"column":0},"end":{"line":1,"column":33}},"locations":[{"start":{"line":1,"column":0},"end":{"line":1,"column":33}}]}},"b":{"0":[0]},"fnMap":{"0":{"name":"(empty-report)","decl":{"start":{"line":1,"column":0},"end":{"line":1,"column":33}},"loc":{"start":{"line":1,"column":0},"end":{"line":1,"column":33}},"line":1}},"f":{"0":0}}
,"/Users/minabessada/work/npm-package-test/src/utils.ts": {"path":"/Users/minabessada/work/npm-package-test/src/utils.ts","all":false,"statementMap":{"0":{"start":{"line":1,"column":0},"end":{"line":1,"column":51}}},"s":{"0":1},"branchMap":{"0":{"type":"branch","line":1,"loc":{"start":{"line":1,"column":19},"end":{"line":1,"column":51}},"locations":[{"start":{"line":1,"column":19},"end":{"line":1,"column":51}}]}},"b":{"0":[1]},"fnMap":{"0":{"name":"add","decl":{"start":{"line":1,"column":19},"end":{"line":1,"column":51}},"loc":{"start":{"line":1,"column":19},"end":{"line":1,"column":51}},"line":1}},"f":{"0":1}}
}
